<?xml version="1.0" encoding="UTF-8"?>
<testng-results skipped="0" failed="0" ignored="0" total="1" passed="1">
  <reporter-output>
  </reporter-output>
  <suite name="Command line suite" duration-ms="347" started-at="2020-07-06T06:21:54 IST" finished-at="2020-07-06T06:21:55 IST">
    <groups>
    </groups>
    <test name="Command line test" duration-ms="347" started-at="2020-07-06T06:21:54 IST" finished-at="2020-07-06T06:21:55 IST">
      <class name="JIRAFramework.E2EAutomation.AppTest">
        <test-method status="PASS" signature="testApp()" name="testApp" duration-ms="49" started-at="2020-07-06T06:21:55 IST" finished-at="2020-07-06T06:21:55 IST">
          <reporter-output>
          </reporter-output>
        </test-method> <!-- testApp -->
      </class> <!-- JIRAFramework.E2EAutomation.AppTest -->
    </test> <!-- Command line test -->
  </suite> <!-- Command line suite -->
</testng-results>
