<?xml version="1.0" encoding="UTF-8"?>
<testng-results skipped="0" failed="0" ignored="0" total="0" passed="0">
  <reporter-output>
  </reporter-output>
  <suite name="cucumber.Options.TestRunner" duration-ms="19" started-at="2020-07-07T08:00:19 IST" finished-at="2020-07-07T08:00:19 IST">
    <groups>
    </groups>
    <test name="Command line test" duration-ms="19" started-at="2020-07-07T08:00:19 IST" finished-at="2020-07-07T08:00:19 IST">
    </test> <!-- Command line test -->
  </suite> <!-- cucumber.Options.TestRunner -->
</testng-results>
